<?xml version="1.0" encoding="UTF-8"?>
<!-- Generated by org.testng.reporters.JUnitReportReporter -->
<testsuite hostname="LTIN607614" failures="0" tests="2" name="com.xlreading.OrangeHRMJobTitleTest" time="21.598" errors="0" timestamp="2025-07-09T18:08:37 IST" skipped="0">
  <testcase classname="com.xlreading.OrangeHRMJobTitleTest" name="testAddJobTitle" time="10.612"/>
  <testcase classname="com.xlreading.OrangeHRMJobTitleTest" name="testAddJobTitle" time="10.986"/>
</testsuite> <!-- com.xlreading.OrangeHRMJobTitleTest -->
