<?xml version="1.0" encoding="UTF-8"?>
<!-- Generated by org.testng.reporters.JUnitReportReporter -->
<testsuite hostname="LTIN607614" failures="0" tests="2" name="com.xlreading.OrangeHRMJobTitleTest" time="27.154" errors="0" timestamp="2025-07-10T11:51:40 IST" skipped="0">
  <testcase classname="com.xlreading.OrangeHRMJobTitleTest" name="testAddJobTitle" time="17.485"/>
  <testcase classname="com.xlreading.OrangeHRMJobTitleTest" name="testAddJobTitle" time="9.669"/>
</testsuite> <!-- com.xlreading.OrangeHRMJobTitleTest -->
